{"/Users/allenslade/Documents/udacity /front-end-development/evaluate-news-nlp/sum.js": {"path":"/Users/allenslade/Documents/udacity /front-end-development/evaluate-news-nlp/sum.js","statementMap":{"0":{"start":{"line":2,"column":2},"end":{"line":2,"column":15}},"1":{"start":{"line":4,"column":0},"end":{"line":4,"column":21}}},"fnMap":{"0":{"name":"sum","decl":{"start":{"line":1,"column":9},"end":{"line":1,"column":12}},"loc":{"start":{"line":1,"column":19},"end":{"line":3,"column":1}},"line":1}},"branchMap":{},"s":{"0":1,"1":1},"f":{"0":1},"b":{},"_coverageSchema":"1a1c01bbd47fc00a2c39e90264f33305004495a9","hash":"836e24cb74558fd0b7fbf3745dae0a3ffbff5c7d"}
,"/Users/allenslade/Documents/udacity /front-end-development/evaluate-news-nlp/src/client/js/formHandler.js": {"path":"/Users/allenslade/Documents/udacity /front-end-development/evaluate-news-nlp/src/client/js/formHandler.js","statementMap":{"0":{"start":{"line":1,"column":20},"end":{"line":1,"column":46}},"1":{"start":{"line":2,"column":10},"end":{"line":2,"column":40}},"2":{"start":{"line":3,"column":20},"end":{"line":3,"column":52}},"3":{"start":{"line":18,"column":2},"end":{"line":22,"column":3}},"4":{"start":{"line":19,"column":4},"end":{"line":19,"column":46}},"5":{"start":{"line":21,"column":4},"end":{"line":21,"column":17}},"6":{"start":{"line":24,"column":2},"end":{"line":24,"column":14}},"7":{"start":{"line":28,"column":2},"end":{"line":28,"column":24}},"8":{"start":{"line":32,"column":17},"end":{"line":32,"column":54}},"9":{"start":{"line":33,"column":2},"end":{"line":33,"column":31}},"10":{"start":{"line":34,"column":2},"end":{"line":34,"column":23}},"11":{"start":{"line":35,"column":2},"end":{"line":35,"column":32}},"12":{"start":{"line":37,"column":13},"end":{"line":44,"column":3}},"13":{"start":{"line":46,"column":2},"end":{"line":72,"column":4}},"14":{"start":{"line":52,"column":15},"end":{"line":52,"column":25}},"15":{"start":{"line":54,"column":4},"end":{"line":54,"column":33}},"16":{"start":{"line":55,"column":4},"end":{"line":55,"column":78}},"17":{"start":{"line":56,"column":4},"end":{"line":56,"column":81}},"18":{"start":{"line":57,"column":4},"end":{"line":57,"column":93}},"19":{"start":{"line":58,"column":4},"end":{"line":58,"column":73}},"20":{"start":{"line":60,"column":4},"end":{"line":60,"column":79}},"21":{"start":{"line":61,"column":4},"end":{"line":61,"column":82}},"22":{"start":{"line":62,"column":4},"end":{"line":62,"column":94}},"23":{"start":{"line":63,"column":4},"end":{"line":63,"column":74}},"24":{"start":{"line":65,"column":4},"end":{"line":65,"column":79}},"25":{"start":{"line":66,"column":4},"end":{"line":66,"column":82}},"26":{"start":{"line":67,"column":4},"end":{"line":67,"column":94}},"27":{"start":{"line":68,"column":4},"end":{"line":68,"column":74}},"28":{"start":{"line":71,"column":4},"end":{"line":71,"column":31}}},"fnMap":{"0":{"name":"isValidUrl","decl":{"start":{"line":17,"column":9},"end":{"line":17,"column":19}},"loc":{"start":{"line":17,"column":28},"end":{"line":25,"column":1}},"line":17},"1":{"name":"handleSubmit","decl":{"start":{"line":27,"column":15},"end":{"line":27,"column":27}},"loc":{"start":{"line":27,"column":35},"end":{"line":73,"column":1}},"line":27},"2":{"name":"(anonymous_2)","decl":{"start":{"line":52,"column":8},"end":{"line":52,"column":9}},"loc":{"start":{"line":52,"column":15},"end":{"line":52,"column":25}},"line":52},"3":{"name":"(anonymous_3)","decl":{"start":{"line":53,"column":9},"end":{"line":53,"column":10}},"loc":{"start":{"line":53,"column":17},"end":{"line":69,"column":3}},"line":53},"4":{"name":"(anonymous_4)","decl":{"start":{"line":70,"column":9},"end":{"line":70,"column":10}},"loc":{"start":{"line":70,"column":18},"end":{"line":72,"column":3}},"line":70}},"branchMap":{},"s":{"0":1,"1":1,"2":1,"3":0,"4":0,"5":0,"6":0,"7":0,"8":0,"9":0,"10":0,"11":0,"12":0,"13":0,"14":0,"15":0,"16":0,"17":0,"18":0,"19":0,"20":0,"21":0,"22":0,"23":0,"24":0,"25":0,"26":0,"27":0,"28":0},"f":{"0":0,"1":0,"2":0,"3":0,"4":0},"b":{},"_coverageSchema":"1a1c01bbd47fc00a2c39e90264f33305004495a9","hash":"8f372c7af231fdee7a41c8662c9133902ff9cb48"}
,"/Users/allenslade/Documents/udacity /front-end-development/evaluate-news-nlp/src/client/js/nameChecker.js": {"path":"/Users/allenslade/Documents/udacity /front-end-development/evaluate-news-nlp/src/client/js/nameChecker.js","statementMap":{"0":{"start":{"line":1,"column":12},"end":{"line":7,"column":1}},"1":{"start":{"line":10,"column":4},"end":{"line":10,"column":59}},"2":{"start":{"line":22,"column":4},"end":{"line":24,"column":5}},"3":{"start":{"line":23,"column":8},"end":{"line":23,"column":35}},"4":{"start":{"line":25,"column":4},"end":{"line":25,"column":21}},"5":{"start":{"line":29,"column":0},"end":{"line":29,"column":22}}},"fnMap":{"0":{"name":"checkForName","decl":{"start":{"line":9,"column":9},"end":{"line":9,"column":21}},"loc":{"start":{"line":9,"column":49},"end":{"line":26,"column":1}},"line":9}},"branchMap":{"0":{"loc":{"start":{"line":22,"column":4},"end":{"line":24,"column":5}},"type":"if","locations":[{"start":{"line":22,"column":4},"end":{"line":24,"column":5}},{"start":{"line":22,"column":4},"end":{"line":24,"column":5}}],"line":22}},"s":{"0":1,"1":0,"2":0,"3":0,"4":0,"5":1},"f":{"0":0},"b":{"0":[0,0]},"_coverageSchema":"1a1c01bbd47fc00a2c39e90264f33305004495a9","hash":"04b01b7367e6176cf89f7ee168484563a12467be"}
}
