TN:
SF:sum.js
FN:1,sum
FNF:1
FNH:1
FNDA:1,sum
DA:2,1
DA:4,1
LF:2
LH:2
BRF:0
BRH:0
end_of_record
TN:
SF:src/client/js/formHandler.js
FN:17,isValidUrl
FN:27,handleSubmit
FN:52,(anonymous_2)
FN:53,(anonymous_3)
FN:70,(anonymous_4)
FNF:5
FNH:0
FNDA:0,isValidUrl
FNDA:0,handleSubmit
FNDA:0,(anonymous_2)
FNDA:0,(anonymous_3)
FNDA:0,(anonymous_4)
DA:1,1
DA:2,1
DA:3,1
DA:18,0
DA:19,0
DA:21,0
DA:24,0
DA:28,0
DA:32,0
DA:33,0
DA:34,0
DA:35,0
DA:37,0
DA:46,0
DA:52,0
DA:54,0
DA:55,0
DA:56,0
DA:57,0
DA:58,0
DA:60,0
DA:61,0
DA:62,0
DA:63,0
DA:65,0
DA:66,0
DA:67,0
DA:68,0
DA:71,0
LF:29
LH:3
BRF:0
BRH:0
end_of_record
TN:
SF:src/client/js/nameChecker.js
FN:9,checkForName
FNF:1
FNH:0
FNDA:0,checkForName
DA:1,1
DA:10,0
DA:22,0
DA:23,0
DA:25,0
DA:29,1
LF:6
LH:2
BRDA:22,0,0,0
BRDA:22,0,1,0
BRF:2
BRH:0
end_of_record
